#
# A fatal error has been detected by the Java Runtime Environment:
#
#  Internal Error (0xc000000d), pid=21852, tid=24516
#
# JRE version: Java(TM) SE Runtime Environment (21.0.1+12) (build 21.0.1+12-LTS-29)
# Java VM: Java HotSpot(TM) 64-Bit Server VM (21.0.1+12-LTS-29, mixed mode, sharing, tiered, compressed oops, compressed class ptrs, g1 gc, windows-amd64)
# Problematic frame:
# C  [ntdll.dll+0x125d70]
#
# No core dump will be written. Minidumps are not enabled by default on client versions of Windows
#
# If you would like to submit a bug report, please visit:
#   https://bugreport.java.com/bugreport/crash.jsp
#

---------------  S U M M A R Y ------------

Command Line: -Dfile.encoding=UTF-8 --module-path=C:\Users\admin\Documents\NetBeansProjects\OpenImage\build\classes openimage.Home

Host: 11th Gen Intel(R) Core(TM) i5-1135G7 @ 2.40GHz, 8 cores, 7G,  Windows 11 , 64 bit Build 22621 (10.0.22621.3235)
Time: Fri Mar 29 13:38:35 2024 India Standard Time elapsed time: 57.935356 seconds (0d 0h 0m 57s)

---------------  T H R E A D  ---------------

Current thread (0x00000275763a9080):  VMThread "VM Thread"          [id=24516, stack(0x000000ab14c00000,0x000000ab14d00000) (1024K)]

Stack: [0x000000ab14c00000,0x000000ab14d00000],  sp=0x000000ab14cfe4b0,  free space=1017k
Native frames: (J=compiled Java code, j=interpreted, Vv=VM code, C=native code)
C  [ntdll.dll+0x125d70]
C  [ntdll.dll+0xc735b]
C  [KERNELBASE.dll+0x76209]
C  [RTWorkQ.DLL+0x8b08]


siginfo: EXCEPTION_?? (0xc000000d)


Registers:
RAX=0x0000000000000000, RBX=0x000002757cf73850, RCX=0x0000000000000000, RDX=0x0000000000000000
RSP=0x000000ab14cfe4b0, RBP=0x00007ffc6bae9a30, RSI=0x000002757bad11e0, RDI=0x0000000000000000
R8 =0x0000000000000000, R9 =0x0000000000000000, R10=0x0000000000000000, R11=0x0000000000000000
R12=0x000002757cf73850, R13=0x0000000000000000, R14=0x000000ab14cfe648, R15=0x00007ffc6bae9a30
RIP=0x00007ffc7f875d70, EFLAGS=0x0000000000000206


Register to memory mapping:

RAX=0x0 is null
RBX=0x000002757cf73850 points into unknown readable memory: 0x0000000000000000 | 00 00 00 00 00 00 00 00
RCX=0x0 is null
RDX=0x0 is null
RSP=0x000000ab14cfe4b0 points into unknown readable memory: 0x0000000000000057 | 57 00 00 00 00 00 00 00
RBP=0x00007ffc6bae9a30 RTWorkQ.DLL
RSI=0x000002757bad11e0 points into unknown readable memory: 0x0000000000000003 | 03 00 00 00 00 00 00 00
RDI=0x0 is null
R8 =0x0 is null
R9 =0x0 is null
R10=0x0 is null
R11=0x0 is null
R12=0x000002757cf73850 points into unknown readable memory: 0x0000000000000000 | 00 00 00 00 00 00 00 00
R13=0x0 is null
R14=0x000000ab14cfe648 points into unknown readable memory: 0x0000000000000000 | 00 00 00 00 00 00 00 00
R15=0x00007ffc6bae9a30 RTWorkQ.DLL

Top of Stack: (sp=0x000000ab14cfe4b0)
0x000000ab14cfe4b0:   0000000000000057 000002757cf73850
0x000000ab14cfe4c0:   000002757bad11e0 000000000000004b
0x000000ab14cfe4d0:   00000080c000000d 0000000000000000
0x000000ab14cfe4e0:   00007ffc7f875d70 0000000000000000
0x000000ab14cfe4f0:   0000000000000000 0000000000000000
0x000000ab14cfe500:   0000000000000000 0000000000000000
0x000000ab14cfe510:   0000000000000000 0000000000000000
0x000000ab14cfe520:   0000000000000000 0000000000000000
0x000000ab14cfe530:   0000000000000000 0000000000000000
0x000000ab14cfe540:   0000000000000000 0000000000000000
0x000000ab14cfe550:   0000000000000000 0000000000000000
0x000000ab14cfe560:   0000000000000000 000002757bad10f0
0x000000ab14cfe570:   0000fd027288dc7d 00000000000009f4
0x000000ab14cfe580:   0000000000000060 00007ffc7f81735b
0x000000ab14cfe590:   000002757bad10f0 00007ffc7ce7558b
0x000000ab14cfe5a0:   000002757cf73850 00007ffc6bae9a30
0x000000ab14cfe5b0:   00007ffc6bae1320 0000000000000060
0x000000ab14cfe5c0:   00000000c0000001 00007ffc7cbcff74
0x000000ab14cfe5d0:   00000275768927f0 000002757bad10f0
0x000000ab14cfe5e0:   00000000000009f4 000002757bad11e0
0x000000ab14cfe5f0:   00007ffc6bae1320 00007ffc7cea6209
0x000000ab14cfe600:   000002757bad12e0 000002757cf73850
0x000000ab14cfe610:   000002757bc897ef 00007ffc7ce5710d
0x000000ab14cfe620:   000002757cf73850 00007ffc6bae8b08
0x000000ab14cfe630:   000002757bad12e0 00007ffc6bae8999
0x000000ab14cfe640:   0000000000000000 0000000000000000
0x000000ab14cfe650:   000002757bb80218 00007ffc6bae8a72
0x000000ab14cfe660:   000002757bad12e0 00000275768927f0
0x000000ab14cfe670:   0000000000000000 000002757bad12b8
0x000000ab14cfe680:   00007ffc6bae1500 00000000000009f4
0x000000ab14cfe690:   000002757bad12b8 00007ffc6baea0e5
0x000000ab14cfe6a0:   000000ab14cfe7c0 000000ab14cfe710 

Instructions: (pc=0x00007ffc7f875d70)
0x00007ffc7f875c70:   40 48 83 c4 30 5f c3 cc cc cc cc cc cc cc cc cc
0x00007ffc7f875c80:   40 55 48 8d 6c 24 a9 48 81 ec d0 00 00 00 48 8b
0x00007ffc7f875c90:   05 9b 78 07 00 48 33 c4 48 89 45 47 4c 8b d2 4d
0x00007ffc7f875ca0:   85 c0 74 30 4d 8b 48 50 48 8d 05 f1 81 f2 ff c7
0x00007ffc7f875cb0:   45 bf 05 00 00 00 4c 3b c8 75 13 49 8b 40 58 48
0x00007ffc7f875cc0:   8b 50 20 48 85 d2 74 06 48 89 55 e7 eb 0d 4c 89
0x00007ffc7f875cd0:   4d e7 eb 07 c7 45 bf 04 00 00 00 48 83 65 af 00
0x00007ffc7f875ce0:   48 83 65 df 00 48 63 c1 48 8d 4d a7 48 89 45 c7
0x00007ffc7f875cf0:   c7 45 a7 0a 07 00 c0 4c 89 55 cf 4c 89 45 d7 c7
0x00007ffc7f875d00:   45 ab 01 00 00 00 e8 d5 e5 f2 ff 48 8b 4d 47 48
0x00007ffc7f875d10:   33 cc e8 89 8b f6 ff 48 81 c4 d0 00 00 00 5d c3
0x00007ffc7f875d20:   cc cc cc cc cc cc cc cc 48 81 ec d8 00 00 00 48
0x00007ffc7f875d30:   8b 05 fa 77 07 00 48 33 c4 48 89 84 24 c0 00 00
0x00007ffc7f875d40:   00 33 d2 41 b8 94 00 00 00 48 8d 4c 24 24 e8 bd
0x00007ffc7f875d50:   a2 00 00 c7 44 24 20 0d 00 00 c0 b9 57 00 00 00
0x00007ffc7f875d60:   e8 8b d5 f2 ff 90 48 8d 4c 24 20 e8 70 e5 f2 ff
0x00007ffc7f875d70:   eb 00 48 8b 8c 24 c0 00 00 00 48 33 cc e8 1e 8b
0x00007ffc7f875d80:   f6 ff 48 81 c4 d8 00 00 00 c3 cc 40 55 48 83 ec
0x00007ffc7f875d90:   20 48 8b ea e8 0f 00 00 00 90 48 83 c4 20 5d c3
0x00007ffc7f875da0:   cc cc cc cc cc cc cc cc 48 83 ec 28 48 8b 51 08
0x00007ffc7f875db0:   41 b8 03 00 00 00 48 8b 09 e8 92 0d fc ff 33 c0
0x00007ffc7f875dc0:   48 83 c4 28 c3 cc cc cc cc cc cc cc 48 8b 01 48
0x00007ffc7f875dd0:   83 c9 ff 8b 10 e9 06 9b f7 ff cc cc cc cc cc cc
0x00007ffc7f875de0:   4c 8b dc 48 81 ec 88 00 00 00 48 8b 05 3f 77 07
0x00007ffc7f875df0:   00 48 33 c4 48 89 44 24 70 48 8b 84 24 b0 00 00
0x00007ffc7f875e00:   00 41 ba 24 1c 00 00 49 89 43 d8 8b 84 24 b8 00
0x00007ffc7f875e10:   00 00 66 45 89 53 9e 49 89 4b b8 49 89 53 c0 4d
0x00007ffc7f875e20:   89 43 c8 4d 89 4b d0 89 44 24 68 e8 80 4d f1 ff
0x00007ffc7f875e30:   85 c0 74 19 65 48 8b 04 25 60 00 00 00 48 8b 88
0x00007ffc7f875e40:   90 00 00 00 48 81 c1 2c 02 00 00 eb 05 b9 86 03
0x00007ffc7f875e50:   fe 7f 0f b6 09 4c 8d 4c 24 20 ba 03 04 00 00 41
0x00007ffc7f875e60:   b8 2c 00 00 00 e8 a6 a0 f7 ff 48 8b 4c 24 70 48 


Stack slot to memory mapping:

stack at sp + 0 slots: 0x0000000000000057 is an unknown value
stack at sp + 1 slots: 0x000002757cf73850 points into unknown readable memory: 0x0000000000000000 | 00 00 00 00 00 00 00 00
stack at sp + 2 slots: 0x000002757bad11e0 points into unknown readable memory: 0x0000000000000003 | 03 00 00 00 00 00 00 00
stack at sp + 3 slots: 0x000000000000004b is an unknown value
stack at sp + 4 slots: 0x00000080c000000d is an unknown value
stack at sp + 5 slots: 0x0 is null
stack at sp + 6 slots: 0x00007ffc7f875d70 ntdll.dll
stack at sp + 7 slots: 0x0 is null

VM_Operation (0x000000ab15afe4c0): Exit, mode: safepoint, requested by thread 0x000002757b92e450


---------------  P R O C E S S  ---------------

Threads class SMR info:
_java_thread_list=0x000002757bf274f0, length=15, elements={
0x00000275763cb6c0, 0x00000275763cc3e0, 0x00000275763d0fa0, 0x00000275763cfe30,
0x00000275763d39a0, 0x00000275763e3a50, 0x0000027576406b40, 0x000002757667f6d0,
0x00000275767e4cf0, 0x00000275769146a0, 0x0000027576917950, 0x000002757b92e450,
0x0000027557a97b40, 0x000002757be3a970, 0x00000275765f6010
}

Java Threads: ( => current thread )
  0x00000275763cb6c0 JavaThread "Reference Handler"          daemon [_thread_blocked, id=14444, stack(0x000000ab14d00000,0x000000ab14e00000) (1024K)]
  0x00000275763cc3e0 JavaThread "Finalizer"                  daemon [_thread_blocked, id=17908, stack(0x000000ab14e00000,0x000000ab14f00000) (1024K)]
  0x00000275763d0fa0 JavaThread "Attach Listener"            daemon [_thread_blocked, id=4120, stack(0x000000ab15000000,0x000000ab15100000) (1024K)]
  0x00000275763cfe30 JavaThread "Service Thread"             daemon [_thread_blocked, id=24016, stack(0x000000ab15100000,0x000000ab15200000) (1024K)]
  0x00000275763d39a0 JavaThread "Monitor Deflation Thread"   daemon [_thread_blocked, id=15408, stack(0x000000ab15200000,0x000000ab15300000) (1024K)]
  0x00000275763e3a50 JavaThread "C2 CompilerThread0"         daemon [_thread_blocked, id=10068, stack(0x000000ab15300000,0x000000ab15400000) (1024K)]
  0x0000027576406b40 JavaThread "C1 CompilerThread0"         daemon [_thread_blocked, id=8748, stack(0x000000ab15400000,0x000000ab15500000) (1024K)]
  0x000002757667f6d0 JavaThread "Common-Cleaner"             daemon [_thread_blocked, id=10712, stack(0x000000ab15500000,0x000000ab15600000) (1024K)]
  0x00000275767e4cf0 JavaThread "Notification Thread"        daemon [_thread_blocked, id=15080, stack(0x000000ab15600000,0x000000ab15700000) (1024K)]
  0x00000275769146a0 JavaThread "Java2D Disposer"            daemon [_thread_blocked, id=19244, stack(0x000000ab15700000,0x000000ab15800000) (1024K)]
  0x0000027576917950 JavaThread "AWT-Shutdown"                      [_thread_blocked, id=12104, stack(0x000000ab15800000,0x000000ab15900000) (1024K)]
  0x000002757b92e450 JavaThread "AWT-EventQueue-0"                  [_thread_blocked, id=19860, stack(0x000000ab15a00000,0x000000ab15b00000) (1024K)]
  0x0000027557a97b40 JavaThread "DestroyJavaVM"                     [_thread_blocked, id=11436, stack(0x000000ab14500000,0x000000ab14600000) (1024K)]
  0x000002757be3a970 JavaThread "TimerQueue"                 daemon [_thread_blocked, id=12200, stack(0x000000ab15e00000,0x000000ab15f00000) (1024K)]
  0x00000275765f6010 JavaThread "Thread-0"                          [_thread_blocked, id=19980, stack(0x000000ab15f00000,0x000000ab16000000) (1024K)]
Total: 15

Other Threads:
=>0x00000275763a9080 VMThread "VM Thread"                           [id=24516, stack(0x000000ab14c00000,0x000000ab14d00000) (1024K)]
  0x0000027559bcdf00 WorkerThread "GC Thread#0"                     [id=21316, stack(0x000000ab14600000,0x000000ab14700000) (1024K)]
  0x00000275768e4b00 WorkerThread "GC Thread#1"                     [id=10132, stack(0x000000ab16700000,0x000000ab16800000) (1024K)]
  0x00000275768e3c80 WorkerThread "GC Thread#2"                     [id=14100, stack(0x000000ab16800000,0x000000ab16900000) (1024K)]
  0x00000275768e38e0 WorkerThread "GC Thread#3"                     [id=6052, stack(0x000000ab16900000,0x000000ab16a00000) (1024K)]
  0x00000275768e4020 WorkerThread "GC Thread#4"                     [id=3860, stack(0x000000ab16a00000,0x000000ab16b00000) (1024K)]
  0x00000275768e3540 WorkerThread "GC Thread#5"                     [id=23504, stack(0x000000ab16b00000,0x000000ab16c00000) (1024K)]
  0x00000275768e4ea0 WorkerThread "GC Thread#6"                     [id=16628, stack(0x000000ab16c00000,0x000000ab16d00000) (1024K)]
  0x00000275768e1f80 WorkerThread "GC Thread#7"                     [id=12780, stack(0x000000ab16d00000,0x000000ab16e00000) (1024K)]
  0x0000027559bdf170 ConcurrentGCThread "G1 Main Marker"            terminated
  0x0000027559bdfe20 WorkerThread "G1 Conc#0"                       [id=18924, stack(0x000000ab14800000,0x000000ab14900000) (1024K)]
  0x0000027559c2df80 ConcurrentGCThread "G1 Refine#0"               terminated
  0x0000027559c2eaf0 ConcurrentGCThread "G1 Service"                terminated
Total: 13

Threads with active compile tasks:
Total: 0

VM state: at safepoint (shutting down)

VM Mutex/Monitor currently owned by a thread:  ([mutex/lock_event])
[0x00007ffc0b6ca5f8] Threads_lock - owner thread: 0x00000275763a9080
[0x00007ffc0b6ca6f8] Heap_lock - owner thread: 0x000002757b92e450

Heap address: 0x0000000084c00000, size: 1972 MB, Compressed Oops mode: 32-bit

CDS archive(s) mapped at: [0x0000027500000000-0x0000027500c90000-0x0000027500c90000), size 13172736, SharedBaseAddress: 0x0000027500000000, ArchiveRelocationMode: 1.
Compressed class space mapped at: 0x0000027501000000-0x0000027541000000, reserved size: 1073741824
Narrow klass base: 0x0000027500000000, Narrow klass shift: 0, Narrow klass range: 0x100000000

GC Precious Log:
 CardTable entry size: 512
 Card Set container configuration: InlinePtr #cards 5 size 8 Array Of Cards #cards 12 size 40 Howl #buckets 4 coarsen threshold 1843 Howl Bitmap #cards 512 size 80 coarsen threshold 460 Card regions per heap region 1 cards per card region 2048
 CPUs: 8 total, 8 available
 Memory: 7886M
 Large Page Support: Disabled
 NUMA Support: Disabled
 Compressed Oops: Enabled (32-bit)
 Heap Region Size: 1M
 Heap Min Capacity: 8M
 Heap Initial Capacity: 124M
 Heap Max Capacity: 1972M
 Pre-touch: Disabled
 Parallel Workers: 8
 Concurrent Workers: 2
 Concurrent Refinement Workers: 8
 Periodic GC: Disabled

Heap:
 garbage-first heap   total 126976K, used 13552K [0x0000000084c00000, 0x0000000100000000)
  region size 1024K, 13 young (13312K), 3 survivors (3072K)
 Metaspace       used 12312K, committed 12608K, reserved 1114112K
  class space    used 1338K, committed 1472K, reserved 1048576K

Heap Regions: E=young(eden), S=young(survivor), O=old, HS=humongous(starts), HC=humongous(continues), CS=collection set, F=free, TAMS=top-at-mark-start, PB=parsable bottom
|   0|0x0000000084c00000, 0x0000000084d00000, 0x0000000084d00000|100%|HS|  |TAMS 0x0000000084c00000| PB 0x0000000084c00000| Complete 
|   1|0x0000000084d00000, 0x0000000084e00000, 0x0000000084e00000|100%|HC|  |TAMS 0x0000000084d00000| PB 0x0000000084d00000| Complete 
|   2|0x0000000084e00000, 0x0000000084e3c020, 0x0000000084f00000| 23%| O|  |TAMS 0x0000000084e00000| PB 0x0000000084e00000| Untracked 
|   3|0x0000000084f00000, 0x0000000084f00000, 0x0000000085000000|  0%| F|  |TAMS 0x0000000084f00000| PB 0x0000000084f00000| Untracked 
|   4|0x0000000085000000, 0x0000000085000000, 0x0000000085100000|  0%| F|  |TAMS 0x0000000085000000| PB 0x0000000085000000| Untracked 
|   5|0x0000000085100000, 0x0000000085100000, 0x0000000085200000|  0%| F|  |TAMS 0x0000000085100000| PB 0x0000000085100000| Untracked 
|   6|0x0000000085200000, 0x0000000085200000, 0x0000000085300000|  0%| F|  |TAMS 0x0000000085200000| PB 0x0000000085200000| Untracked 
|   7|0x0000000085300000, 0x0000000085300000, 0x0000000085400000|  0%| F|  |TAMS 0x0000000085300000| PB 0x0000000085300000| Untracked 
|   8|0x0000000085400000, 0x0000000085400000, 0x0000000085500000|  0%| F|  |TAMS 0x0000000085400000| PB 0x0000000085400000| Untracked 
|   9|0x0000000085500000, 0x0000000085500000, 0x0000000085600000|  0%| F|  |TAMS 0x0000000085500000| PB 0x0000000085500000| Untracked 
|  10|0x0000000085600000, 0x0000000085600000, 0x0000000085700000|  0%| F|  |TAMS 0x0000000085600000| PB 0x0000000085600000| Untracked 
|  11|0x0000000085700000, 0x0000000085700000, 0x0000000085800000|  0%| F|  |TAMS 0x0000000085700000| PB 0x0000000085700000| Untracked 
|  12|0x0000000085800000, 0x0000000085800000, 0x0000000085900000|  0%| F|  |TAMS 0x0000000085800000| PB 0x0000000085800000| Untracked 
|  13|0x0000000085900000, 0x0000000085900000, 0x0000000085a00000|  0%| F|  |TAMS 0x0000000085900000| PB 0x0000000085900000| Untracked 
|  14|0x0000000085a00000, 0x0000000085a00000, 0x0000000085b00000|  0%| F|  |TAMS 0x0000000085a00000| PB 0x0000000085a00000| Untracked 
|  15|0x0000000085b00000, 0x0000000085b00000, 0x0000000085c00000|  0%| F|  |TAMS 0x0000000085b00000| PB 0x0000000085b00000| Untracked 
|  16|0x0000000085c00000, 0x0000000085c00000, 0x0000000085d00000|  0%| F|  |TAMS 0x0000000085c00000| PB 0x0000000085c00000| Untracked 
|  17|0x0000000085d00000, 0x0000000085d00000, 0x0000000085e00000|  0%| F|  |TAMS 0x0000000085d00000| PB 0x0000000085d00000| Untracked 
|  18|0x0000000085e00000, 0x0000000085e00000, 0x0000000085f00000|  0%| F|  |TAMS 0x0000000085e00000| PB 0x0000000085e00000| Untracked 
|  19|0x0000000085f00000, 0x0000000085f00000, 0x0000000086000000|  0%| F|  |TAMS 0x0000000085f00000| PB 0x0000000085f00000| Untracked 
|  20|0x0000000086000000, 0x0000000086000000, 0x0000000086100000|  0%| F|  |TAMS 0x0000000086000000| PB 0x0000000086000000| Untracked 
|  21|0x0000000086100000, 0x0000000086100000, 0x0000000086200000|  0%| F|  |TAMS 0x0000000086100000| PB 0x0000000086100000| Untracked 
|  22|0x0000000086200000, 0x0000000086200000, 0x0000000086300000|  0%| F|  |TAMS 0x0000000086200000| PB 0x0000000086200000| Untracked 
|  23|0x0000000086300000, 0x0000000086300000, 0x0000000086400000|  0%| F|  |TAMS 0x0000000086300000| PB 0x0000000086300000| Untracked 
|  24|0x0000000086400000, 0x0000000086400000, 0x0000000086500000|  0%| F|  |TAMS 0x0000000086400000| PB 0x0000000086400000| Untracked 
|  25|0x0000000086500000, 0x0000000086500000, 0x0000000086600000|  0%| F|  |TAMS 0x0000000086500000| PB 0x0000000086500000| Untracked 
|  26|0x0000000086600000, 0x0000000086600000, 0x0000000086700000|  0%| F|  |TAMS 0x0000000086600000| PB 0x0000000086600000| Untracked 
|  27|0x0000000086700000, 0x0000000086700000, 0x0000000086800000|  0%| F|  |TAMS 0x0000000086700000| PB 0x0000000086700000| Untracked 
|  28|0x0000000086800000, 0x0000000086800000, 0x0000000086900000|  0%| F|  |TAMS 0x0000000086800000| PB 0x0000000086800000| Untracked 
|  29|0x0000000086900000, 0x0000000086900000, 0x0000000086a00000|  0%| F|  |TAMS 0x0000000086900000| PB 0x0000000086900000| Untracked 
|  30|0x0000000086a00000, 0x0000000086a00000, 0x0000000086b00000|  0%| F|  |TAMS 0x0000000086a00000| PB 0x0000000086a00000| Untracked 
|  31|0x0000000086b00000, 0x0000000086b00000, 0x0000000086c00000|  0%| F|  |TAMS 0x0000000086b00000| PB 0x0000000086b00000| Untracked 
|  32|0x0000000086c00000, 0x0000000086c00000, 0x0000000086d00000|  0%| F|  |TAMS 0x0000000086c00000| PB 0x0000000086c00000| Untracked 
|  33|0x0000000086d00000, 0x0000000086d00000, 0x0000000086e00000|  0%| F|  |TAMS 0x0000000086d00000| PB 0x0000000086d00000| Untracked 
|  34|0x0000000086e00000, 0x0000000086e00000, 0x0000000086f00000|  0%| F|  |TAMS 0x0000000086e00000| PB 0x0000000086e00000| Untracked 
|  35|0x0000000086f00000, 0x0000000086f00000, 0x0000000087000000|  0%| F|  |TAMS 0x0000000086f00000| PB 0x0000000086f00000| Untracked 
|  36|0x0000000087000000, 0x0000000087000000, 0x0000000087100000|  0%| F|  |TAMS 0x0000000087000000| PB 0x0000000087000000| Untracked 
|  37|0x0000000087100000, 0x0000000087100000, 0x0000000087200000|  0%| F|  |TAMS 0x0000000087100000| PB 0x0000000087100000| Untracked 
|  38|0x0000000087200000, 0x0000000087200000, 0x0000000087300000|  0%| F|  |TAMS 0x0000000087200000| PB 0x0000000087200000| Untracked 
|  39|0x0000000087300000, 0x0000000087300000, 0x0000000087400000|  0%| F|  |TAMS 0x0000000087300000| PB 0x0000000087300000| Untracked 
|  40|0x0000000087400000, 0x0000000087400000, 0x0000000087500000|  0%| F|  |TAMS 0x0000000087400000| PB 0x0000000087400000| Untracked 
|  41|0x0000000087500000, 0x0000000087500000, 0x0000000087600000|  0%| F|  |TAMS 0x0000000087500000| PB 0x0000000087500000| Untracked 
|  42|0x0000000087600000, 0x0000000087600000, 0x0000000087700000|  0%| F|  |TAMS 0x0000000087600000| PB 0x0000000087600000| Untracked 
|  43|0x0000000087700000, 0x0000000087700000, 0x0000000087800000|  0%| F|  |TAMS 0x0000000087700000| PB 0x0000000087700000| Untracked 
|  44|0x0000000087800000, 0x0000000087800000, 0x0000000087900000|  0%| F|  |TAMS 0x0000000087800000| PB 0x0000000087800000| Untracked 
|  45|0x0000000087900000, 0x0000000087900000, 0x0000000087a00000|  0%| F|  |TAMS 0x0000000087900000| PB 0x0000000087900000| Untracked 
|  46|0x0000000087a00000, 0x0000000087a00000, 0x0000000087b00000|  0%| F|  |TAMS 0x0000000087a00000| PB 0x0000000087a00000| Untracked 
|  47|0x0000000087b00000, 0x0000000087b00000, 0x0000000087c00000|  0%| F|  |TAMS 0x0000000087b00000| PB 0x0000000087b00000| Untracked 
|  48|0x0000000087c00000, 0x0000000087c00000, 0x0000000087d00000|  0%| F|  |TAMS 0x0000000087c00000| PB 0x0000000087c00000| Untracked 
|  49|0x0000000087d00000, 0x0000000087d00000, 0x0000000087e00000|  0%| F|  |TAMS 0x0000000087d00000| PB 0x0000000087d00000| Untracked 
|  50|0x0000000087e00000, 0x0000000087e00000, 0x0000000087f00000|  0%| F|  |TAMS 0x0000000087e00000| PB 0x0000000087e00000| Untracked 
|  51|0x0000000087f00000, 0x0000000087f00000, 0x0000000088000000|  0%| F|  |TAMS 0x0000000087f00000| PB 0x0000000087f00000| Untracked 
|  52|0x0000000088000000, 0x0000000088000000, 0x0000000088100000|  0%| F|  |TAMS 0x0000000088000000| PB 0x0000000088000000| Untracked 
|  53|0x0000000088100000, 0x0000000088100000, 0x0000000088200000|  0%| F|  |TAMS 0x0000000088100000| PB 0x0000000088100000| Untracked 
|  54|0x0000000088200000, 0x0000000088200000, 0x0000000088300000|  0%| F|  |TAMS 0x0000000088200000| PB 0x0000000088200000| Untracked 
|  55|0x0000000088300000, 0x0000000088300000, 0x0000000088400000|  0%| F|  |TAMS 0x0000000088300000| PB 0x0000000088300000| Untracked 
|  56|0x0000000088400000, 0x0000000088400000, 0x0000000088500000|  0%| F|  |TAMS 0x0000000088400000| PB 0x0000000088400000| Untracked 
|  57|0x0000000088500000, 0x0000000088500000, 0x0000000088600000|  0%| F|  |TAMS 0x0000000088500000| PB 0x0000000088500000| Untracked 
|  58|0x0000000088600000, 0x0000000088600000, 0x0000000088700000|  0%| F|  |TAMS 0x0000000088600000| PB 0x0000000088600000| Untracked 
|  59|0x0000000088700000, 0x0000000088700000, 0x0000000088800000|  0%| F|  |TAMS 0x0000000088700000| PB 0x0000000088700000| Untracked 
|  60|0x0000000088800000, 0x0000000088800000, 0x0000000088900000|  0%| F|  |TAMS 0x0000000088800000| PB 0x0000000088800000| Untracked 
|  61|0x0000000088900000, 0x0000000088900000, 0x0000000088a00000|  0%| F|  |TAMS 0x0000000088900000| PB 0x0000000088900000| Untracked 
|  62|0x0000000088a00000, 0x0000000088a00000, 0x0000000088b00000|  0%| F|  |TAMS 0x0000000088a00000| PB 0x0000000088a00000| Untracked 
|  63|0x0000000088b00000, 0x0000000088b00000, 0x0000000088c00000|  0%| F|  |TAMS 0x0000000088b00000| PB 0x0000000088b00000| Untracked 
|  64|0x0000000088c00000, 0x0000000088c00000, 0x0000000088d00000|  0%| F|  |TAMS 0x0000000088c00000| PB 0x0000000088c00000| Untracked 
|  65|0x0000000088d00000, 0x0000000088d00000, 0x0000000088e00000|  0%| F|  |TAMS 0x0000000088d00000| PB 0x0000000088d00000| Untracked 
|  66|0x0000000088e00000, 0x0000000088e00000, 0x0000000088f00000|  0%| F|  |TAMS 0x0000000088e00000| PB 0x0000000088e00000| Untracked 
|  67|0x0000000088f00000, 0x0000000088f00000, 0x0000000089000000|  0%| F|  |TAMS 0x0000000088f00000| PB 0x0000000088f00000| Untracked 
|  68|0x0000000089000000, 0x0000000089000000, 0x0000000089100000|  0%| F|  |TAMS 0x0000000089000000| PB 0x0000000089000000| Untracked 
|  69|0x0000000089100000, 0x0000000089100000, 0x0000000089200000|  0%| F|  |TAMS 0x0000000089100000| PB 0x0000000089100000| Untracked 
|  70|0x0000000089200000, 0x0000000089200000, 0x0000000089300000|  0%| F|  |TAMS 0x0000000089200000| PB 0x0000000089200000| Untracked 
|  71|0x0000000089300000, 0x0000000089300000, 0x0000000089400000|  0%| F|  |TAMS 0x0000000089300000| PB 0x0000000089300000| Untracked 
|  72|0x0000000089400000, 0x0000000089400000, 0x0000000089500000|  0%| F|  |TAMS 0x0000000089400000| PB 0x0000000089400000| Untracked 
|  73|0x0000000089500000, 0x0000000089500000, 0x0000000089600000|  0%| F|  |TAMS 0x0000000089500000| PB 0x0000000089500000| Untracked 
|  74|0x0000000089600000, 0x0000000089600000, 0x0000000089700000|  0%| F|  |TAMS 0x0000000089600000| PB 0x0000000089600000| Untracked 
|  75|0x0000000089700000, 0x0000000089700000, 0x0000000089800000|  0%| F|  |TAMS 0x0000000089700000| PB 0x0000000089700000| Untracked 
|  76|0x0000000089800000, 0x0000000089800000, 0x0000000089900000|  0%| F|  |TAMS 0x0000000089800000| PB 0x0000000089800000| Untracked 
|  77|0x0000000089900000, 0x0000000089900000, 0x0000000089a00000|  0%| F|  |TAMS 0x0000000089900000| PB 0x0000000089900000| Untracked 
|  78|0x0000000089a00000, 0x0000000089a00000, 0x0000000089b00000|  0%| F|  |TAMS 0x0000000089a00000| PB 0x0000000089a00000| Untracked 
|  79|0x0000000089b00000, 0x0000000089b00000, 0x0000000089c00000|  0%| F|  |TAMS 0x0000000089b00000| PB 0x0000000089b00000| Untracked 
|  80|0x0000000089c00000, 0x0000000089c00000, 0x0000000089d00000|  0%| F|  |TAMS 0x0000000089c00000| PB 0x0000000089c00000| Untracked 
|  81|0x0000000089d00000, 0x0000000089d00000, 0x0000000089e00000|  0%| F|  |TAMS 0x0000000089d00000| PB 0x0000000089d00000| Untracked 
|  82|0x0000000089e00000, 0x0000000089e00000, 0x0000000089f00000|  0%| F|  |TAMS 0x0000000089e00000| PB 0x0000000089e00000| Untracked 
|  83|0x0000000089f00000, 0x0000000089f00000, 0x000000008a000000|  0%| F|  |TAMS 0x0000000089f00000| PB 0x0000000089f00000| Untracked 
|  84|0x000000008a000000, 0x000000008a000000, 0x000000008a100000|  0%| F|  |TAMS 0x000000008a000000| PB 0x000000008a000000| Untracked 
|  85|0x000000008a100000, 0x000000008a100000, 0x000000008a200000|  0%| F|  |TAMS 0x000000008a100000| PB 0x000000008a100000| Untracked 
|  86|0x000000008a200000, 0x000000008a200000, 0x000000008a300000|  0%| F|  |TAMS 0x000000008a200000| PB 0x000000008a200000| Untracked 
|  87|0x000000008a300000, 0x000000008a300000, 0x000000008a400000|  0%| F|  |TAMS 0x000000008a300000| PB 0x000000008a300000| Untracked 
|  88|0x000000008a400000, 0x000000008a400000, 0x000000008a500000|  0%| F|  |TAMS 0x000000008a400000| PB 0x000000008a400000| Untracked 
|  89|0x000000008a500000, 0x000000008a500000, 0x000000008a600000|  0%| F|  |TAMS 0x000000008a500000| PB 0x000000008a500000| Untracked 
|  90|0x000000008a600000, 0x000000008a600000, 0x000000008a700000|  0%| F|  |TAMS 0x000000008a600000| PB 0x000000008a600000| Untracked 
|  91|0x000000008a700000, 0x000000008a700000, 0x000000008a800000|  0%| F|  |TAMS 0x000000008a700000| PB 0x000000008a700000| Untracked 
|  92|0x000000008a800000, 0x000000008a800000, 0x000000008a900000|  0%| F|  |TAMS 0x000000008a800000| PB 0x000000008a800000| Untracked 
|  93|0x000000008a900000, 0x000000008a900000, 0x000000008aa00000|  0%| F|  |TAMS 0x000000008a900000| PB 0x000000008a900000| Untracked 
|  94|0x000000008aa00000, 0x000000008aa00000, 0x000000008ab00000|  0%| F|  |TAMS 0x000000008aa00000| PB 0x000000008aa00000| Untracked 
|  95|0x000000008ab00000, 0x000000008ab00000, 0x000000008ac00000|  0%| F|  |TAMS 0x000000008ab00000| PB 0x000000008ab00000| Untracked 
|  96|0x000000008ac00000, 0x000000008ac00000, 0x000000008ad00000|  0%| F|  |TAMS 0x000000008ac00000| PB 0x000000008ac00000| Untracked 
|  97|0x000000008ad00000, 0x000000008ad00000, 0x000000008ae00000|  0%| F|  |TAMS 0x000000008ad00000| PB 0x000000008ad00000| Untracked 
|  98|0x000000008ae00000, 0x000000008af00000, 0x000000008af00000|100%| S|CS|TAMS 0x000000008ae00000| PB 0x000000008ae00000| Complete 
|  99|0x000000008af00000, 0x000000008b000000, 0x000000008b000000|100%| S|CS|TAMS 0x000000008af00000| PB 0x000000008af00000| Complete 
| 100|0x000000008b000000, 0x000000008b100000, 0x000000008b100000|100%| S|CS|TAMS 0x000000008b000000| PB 0x000000008b000000| Complete 
| 101|0x000000008b100000, 0x000000008b100000, 0x000000008b200000|  0%| F|  |TAMS 0x000000008b100000| PB 0x000000008b100000| Untracked 
| 102|0x000000008b200000, 0x000000008b200000, 0x000000008b300000|  0%| F|  |TAMS 0x000000008b200000| PB 0x000000008b200000| Untracked 
| 103|0x000000008b300000, 0x000000008b300000, 0x000000008b400000|  0%| F|  |TAMS 0x000000008b300000| PB 0x000000008b300000| Untracked 
| 104|0x000000008b400000, 0x000000008b400000, 0x000000008b500000|  0%| F|  |TAMS 0x000000008b400000| PB 0x000000008b400000| Untracked 
| 105|0x000000008b500000, 0x000000008b500000, 0x000000008b600000|  0%| F|  |TAMS 0x000000008b500000| PB 0x000000008b500000| Untracked 
| 106|0x000000008b600000, 0x000000008b600000, 0x000000008b700000|  0%| F|  |TAMS 0x000000008b600000| PB 0x000000008b600000| Untracked 
| 107|0x000000008b700000, 0x000000008b700000, 0x000000008b800000|  0%| F|  |TAMS 0x000000008b700000| PB 0x000000008b700000| Untracked 
| 108|0x000000008b800000, 0x000000008b800000, 0x000000008b900000|  0%| F|  |TAMS 0x000000008b800000| PB 0x000000008b800000| Untracked 
| 109|0x000000008b900000, 0x000000008b900000, 0x000000008ba00000|  0%| F|  |TAMS 0x000000008b900000| PB 0x000000008b900000| Untracked 
| 110|0x000000008ba00000, 0x000000008ba00000, 0x000000008bb00000|  0%| F|  |TAMS 0x000000008ba00000| PB 0x000000008ba00000| Untracked 
| 111|0x000000008bb00000, 0x000000008bb00000, 0x000000008bc00000|  0%| F|  |TAMS 0x000000008bb00000| PB 0x000000008bb00000| Untracked 
| 112|0x000000008bc00000, 0x000000008bc00000, 0x000000008bd00000|  0%| F|  |TAMS 0x000000008bc00000| PB 0x000000008bc00000| Untracked 
| 113|0x000000008bd00000, 0x000000008bd00000, 0x000000008be00000|  0%| F|  |TAMS 0x000000008bd00000| PB 0x000000008bd00000| Untracked 
| 114|0x000000008be00000, 0x000000008be8d078, 0x000000008bf00000| 55%| E|  |TAMS 0x000000008be00000| PB 0x000000008be00000| Complete 
| 115|0x000000008bf00000, 0x000000008c000000, 0x000000008c000000|100%| E|CS|TAMS 0x000000008bf00000| PB 0x000000008bf00000| Complete 
| 116|0x000000008c000000, 0x000000008c100000, 0x000000008c100000|100%| E|  |TAMS 0x000000008c000000| PB 0x000000008c000000| Complete 
| 117|0x000000008c100000, 0x000000008c200000, 0x000000008c200000|100%| E|CS|TAMS 0x000000008c100000| PB 0x000000008c100000| Complete 
| 118|0x000000008c200000, 0x000000008c300000, 0x000000008c300000|100%| E|CS|TAMS 0x000000008c200000| PB 0x000000008c200000| Complete 
| 119|0x000000008c300000, 0x000000008c400000, 0x000000008c400000|100%| E|CS|TAMS 0x000000008c300000| PB 0x000000008c300000| Complete 
| 120|0x000000008c400000, 0x000000008c500000, 0x000000008c500000|100%| E|CS|TAMS 0x000000008c400000| PB 0x000000008c400000| Complete 
| 121|0x000000008c500000, 0x000000008c600000, 0x000000008c600000|100%| E|CS|TAMS 0x000000008c500000| PB 0x000000008c500000| Complete 
| 122|0x000000008c600000, 0x000000008c700000, 0x000000008c700000|100%| E|CS|TAMS 0x000000008c600000| PB 0x000000008c600000| Complete 
| 123|0x000000008c700000, 0x000000008c800000, 0x000000008c800000|100%| E|CS|TAMS 0x000000008c700000| PB 0x000000008c700000| Complete 

Card table byte_map: [0x00000275716e0000,0x0000027571ac0000] _byte_map_base: 0x00000275712ba000

Marking Bits: (CMBitMap*) 0x0000027559bce600
 Bits: [0x0000027571ac0000, 0x0000027573990000)

Polling page: 0x0000027559330000

Metaspace:

Usage:
  Non-class:     10.72 MB used.
      Class:      1.31 MB used.
       Both:     12.02 MB used.

Virtual space:
  Non-class space:       64.00 MB reserved,      10.88 MB ( 17%) committed,  1 nodes.
      Class space:        1.00 GB reserved,       1.44 MB ( <1%) committed,  1 nodes.
             Both:        1.06 GB reserved,      12.31 MB (  1%) committed. 

Chunk freelists:
   Non-Class:  4.74 MB
       Class:  14.62 MB
        Both:  19.36 MB

MaxMetaspaceSize: unlimited
CompressedClassSpaceSize: 1.00 GB
Initial GC threshold: 21.00 MB
Current GC threshold: 21.00 MB
CDS: on
 - commit_granule_bytes: 65536.
 - commit_granule_words: 8192.
 - virtual_space_node_default_size: 8388608.
 - enlarge_chunks_in_place: 1.
 - use_allocation_guard: 0.


Internal statistics:

num_allocs_failed_limit: 0.
num_arena_births: 178.
num_arena_deaths: 0.
num_vsnodes_births: 2.
num_vsnodes_deaths: 0.
num_space_committed: 197.
num_space_uncommitted: 0.
num_chunks_returned_to_freelist: 0.
num_chunks_taken_from_freelist: 254.
num_chunk_merges: 0.
num_chunk_splits: 162.
num_chunks_enlarged: 91.
num_inconsistent_stats: 0.

CodeHeap 'non-profiled nmethods': size=120000Kb used=668Kb max_used=668Kb free=119331Kb
 bounds [0x0000027569a90000, 0x0000027569d00000, 0x0000027570fc0000]
CodeHeap 'profiled nmethods': size=120000Kb used=3459Kb max_used=3459Kb free=116540Kb
 bounds [0x0000027561fc0000, 0x0000027562330000, 0x00000275694f0000]
CodeHeap 'non-nmethods': size=5760Kb used=1861Kb max_used=1879Kb free=3898Kb
 bounds [0x00000275694f0000, 0x0000027569760000, 0x0000027569a90000]
 total_blobs=2554 nmethods=1848 adapters=611
 compilation: enabled
              stopped_count=0, restarted_count=0
 full_count=0

Compilation events (20 events):
Event: 52.827 Thread 0x0000027576406b40 1836       3       java.lang.Character::toUpperCase (6 bytes)
Event: 52.827 Thread 0x0000027576406b40 nmethod 1836 0x000002756231ad90 code [0x000002756231af60, 0x000002756231b1c0]
Event: 52.827 Thread 0x0000027576406b40 1837       3       java.util.TreeMap::parentOf (13 bytes)
Event: 52.827 Thread 0x0000027576406b40 nmethod 1837 0x000002756231b310 code [0x000002756231b4c0, 0x000002756231b638]
Event: 52.863 Thread 0x0000027576406b40 1838   !   3       java.util.concurrent.ConcurrentHashMap::replaceNode (437 bytes)
Event: 52.866 Thread 0x0000027576406b40 nmethod 1838 0x000002756231b710 code [0x000002756231ba80, 0x000002756231d398]
Event: 52.866 Thread 0x0000027576406b40 1839       3       java.util.concurrent.ConcurrentHashMap::remove (8 bytes)
Event: 52.867 Thread 0x0000027576406b40 nmethod 1839 0x000002756231e090 code [0x000002756231e240, 0x000002756231e390]
Event: 52.867 Thread 0x0000027576406b40 1841       3       jdk.internal.org.objectweb.asm.ClassWriter::<init> (7 bytes)
Event: 52.867 Thread 0x0000027576406b40 nmethod 1841 0x000002756231e410 code [0x000002756231e5c0, 0x000002756231e708]
Event: 52.869 Thread 0x0000027576406b40 1844       3       jdk.internal.org.objectweb.asm.MethodWriter::visitAnnotation (40 bytes)
Event: 52.869 Thread 0x0000027576406b40 nmethod 1844 0x000002756231e790 code [0x000002756231e960, 0x000002756231ec18]
Event: 52.871 Thread 0x00000275763e3a50 1845       4       jdk.internal.org.objectweb.asm.SymbolTable::addConstantUtf8 (98 bytes)
Event: 52.896 Thread 0x00000275763e3a50 nmethod 1845 0x0000027569b35590 code [0x0000027569b35800, 0x0000027569b36a60]
Event: 52.913 Thread 0x0000027576406b40 1846   !   3       com.googlecode.javacv.CanvasFrame$2::paint (148 bytes)
Event: 52.914 Thread 0x0000027576406b40 nmethod 1846 0x000002756231ed10 code [0x000002756231efc0, 0x000002756231fea0]
Event: 52.914 Thread 0x0000027576406b40 1847       3       java.awt.Canvas::getBufferStrategy (5 bytes)
Event: 52.914 Thread 0x0000027576406b40 nmethod 1847 0x0000027562320590 code [0x0000027562320720, 0x0000027562320848]
Event: 52.914 Thread 0x0000027576406b40 1848       3       java.awt.Component$BltBufferStrategy::show (43 bytes)
Event: 52.914 Thread 0x0000027576406b40 nmethod 1848 0x0000027562320910 code [0x0000027562320ac0, 0x0000027562320cb8]

GC Heap History (2 events):
Event: 33.986 GC heap before
{Heap before GC invocations=0 (full 0):
 garbage-first heap   total 126976K, used 24576K [0x0000000084c00000, 0x0000000100000000)
  region size 1024K, 23 young (23552K), 0 survivors (0K)
 Metaspace       used 11935K, committed 12096K, reserved 1114112K
  class space    used 1318K, committed 1408K, reserved 1048576K
}
Event: 34.001 GC heap after
{Heap after GC invocations=1 (full 0):
 garbage-first heap   total 126976K, used 5360K [0x0000000084c00000, 0x0000000100000000)
  region size 1024K, 3 young (3072K), 3 survivors (3072K)
 Metaspace       used 11935K, committed 12096K, reserved 1114112K
  class space    used 1318K, committed 1408K, reserved 1048576K
}

Dll operation events (18 events):
Event: 0.006 Loaded shared library C:\Program Files\Java\jdk-21\bin\java.dll
Event: 0.033 Loaded shared library C:\Program Files\Java\jdk-21\bin\jsvml.dll
Event: 0.059 Loaded shared library C:\Program Files\Java\jdk-21\bin\net.dll
Event: 0.061 Loaded shared library C:\Program Files\Java\jdk-21\bin\nio.dll
Event: 0.080 Loaded shared library C:\Program Files\Java\jdk-21\bin\zip.dll
Event: 0.104 Loaded shared library C:\Program Files\Java\jdk-21\bin\jimage.dll
Event: 0.126 Loaded shared library C:\Program Files\Java\jdk-21\bin\awt.dll
Event: 0.232 Loaded shared library C:\Program Files\Java\jdk-21\bin\freetype.dll
Event: 0.233 Loaded shared library C:\Program Files\Java\jdk-21\bin\fontmanager.dll
Event: 17.527 Loaded shared library C:\Program Files\Java\jdk-21\bin\verify.dll
Event: 17.653 Loaded shared library C:\Users\admin\AppData\Local\Temp\javacpp834278733575900\msvcr100.dll
Event: 17.665 Loaded shared library C:\Users\admin\AppData\Local\Temp\javacpp834278733575900\msvcp100.dll
Event: 17.784 Loaded shared library C:\Users\admin\AppData\Local\Temp\javacpp834278733575900\opencv_ffmpeg248_64.dll
Event: 17.817 Loaded shared library C:\Users\admin\AppData\Local\Temp\javacpp834278733575900\opencv_core248.dll
Event: 17.846 Loaded shared library C:\Users\admin\AppData\Local\Temp\javacpp834278733575900\opencv_imgproc248.dll
Event: 17.880 Loaded shared library C:\Users\admin\AppData\Local\Temp\javacpp834278733575900\opencv_highgui248.dll
Event: 17.884 Loaded shared library C:\Users\admin\AppData\Local\Temp\javacpp834278733575900\jniopencv_highgui.dll
Event: 19.350 Loaded shared library C:\Users\admin\AppData\Local\Temp\javacpp834278733575900\jniopencv_core.dll

Deoptimization events (20 events):
Event: 17.609 Thread 0x00000275765f6010 DEOPT PACKING pc=0x0000027569ac01a8 sp=0x000000ab15ffdb90
Event: 17.609 Thread 0x00000275765f6010 DEOPT UNPACKING pc=0x0000027569547da2 sp=0x000000ab15ffdac8 mode 2
Event: 17.800 Thread 0x00000275765f6010 Uncommon trap: trap_request=0xffffff45 fr.pc=0x0000027569b12b20 relative=0x0000000000000760
Event: 17.800 Thread 0x00000275765f6010 Uncommon trap: reason=unstable_if action=reinterpret pc=0x0000027569b12b20 method=java.util.zip.InflaterInputStream.read([BII)I @ 74 c2
Event: 17.800 Thread 0x00000275765f6010 DEOPT PACKING pc=0x0000027569b12b20 sp=0x000000ab15ffe4a0
Event: 17.800 Thread 0x00000275765f6010 DEOPT UNPACKING pc=0x0000027569547da2 sp=0x000000ab15ffe3a0 mode 2
Event: 17.885 Thread 0x00000275765f6010 Uncommon trap: trap_request=0xffffff45 fr.pc=0x0000027569b11aac relative=0x000000000000044c
Event: 17.885 Thread 0x00000275765f6010 Uncommon trap: reason=unstable_if action=reinterpret pc=0x0000027569b11aac method=java.util.zip.Inflater.inflate([BII)I @ 352 c2
Event: 17.885 Thread 0x00000275765f6010 DEOPT PACKING pc=0x0000027569b11aac sp=0x000000ab15ffc810
Event: 17.885 Thread 0x00000275765f6010 DEOPT UNPACKING pc=0x0000027569547da2 sp=0x000000ab15ffc780 mode 2
Event: 19.436 Thread 0x000002757b92e450 DEOPT PACKING pc=0x00000275621cb135 sp=0x000000ab15afce20
Event: 19.436 Thread 0x000002757b92e450 DEOPT UNPACKING pc=0x00000275695488e2 sp=0x000000ab15afc270 mode 0
Event: 19.451 Thread 0x00000275765f6010 DEOPT PACKING pc=0x00000275621cbffc sp=0x000000ab15ffe840
Event: 19.451 Thread 0x00000275765f6010 DEOPT UNPACKING pc=0x00000275695488e2 sp=0x000000ab15ffdd18 mode 0
Event: 19.451 Thread 0x00000275765f6010 DEOPT PACKING pc=0x000002756216021c sp=0x000000ab15ffec20
Event: 19.451 Thread 0x00000275765f6010 DEOPT UNPACKING pc=0x00000275695488e2 sp=0x000000ab15ffe110 mode 0
Event: 19.587 Thread 0x00000275765f6010 DEOPT PACKING pc=0x000002756228b3f6 sp=0x000000ab15ffef70
Event: 19.587 Thread 0x00000275765f6010 DEOPT UNPACKING pc=0x00000275695488e2 sp=0x000000ab15ffe458 mode 0
Event: 20.552 Thread 0x000002757b92e450 DEOPT PACKING pc=0x00000275621cb135 sp=0x000000ab15afce20
Event: 20.553 Thread 0x000002757b92e450 DEOPT UNPACKING pc=0x00000275695488e2 sp=0x000000ab15afc270 mode 0

Classes loaded (20 events):
Event: 52.872 Loading class java/util/concurrent/ThreadPoolExecutor$AbortPolicy
Event: 52.872 Loading class java/util/concurrent/RejectedExecutionHandler
Event: 52.873 Loading class java/util/concurrent/RejectedExecutionHandler done
Event: 52.873 Loading class java/util/concurrent/ThreadPoolExecutor$AbortPolicy done
Event: 52.873 Loading class java/util/concurrent/SynchronousQueue
Event: 52.873 Loading class java/util/concurrent/SynchronousQueue done
Event: 52.873 Loading class java/util/concurrent/SynchronousQueue$TransferStack
Event: 52.873 Loading class java/util/concurrent/SynchronousQueue$Transferer
Event: 52.873 Loading class java/util/concurrent/SynchronousQueue$Transferer done
Event: 52.873 Loading class java/util/concurrent/SynchronousQueue$TransferStack done
Event: 52.873 Loading class java/util/concurrent/SynchronousQueue$TransferStack$SNode
Event: 52.873 Loading class java/util/concurrent/SynchronousQueue$TransferStack$SNode done
Event: 52.874 Loading class java/lang/ProcessImpl$2
Event: 52.874 Loading class java/lang/ProcessImpl$2 done
Event: 52.874 Loading class java/lang/Process$PipeInputStream
Event: 52.874 Loading class java/lang/Process$PipeInputStream done
Event: 52.874 Loading class jdk/internal/event/ProcessStartEvent
Event: 52.874 Loading class jdk/internal/event/Event
Event: 52.874 Loading class jdk/internal/event/Event done
Event: 52.874 Loading class jdk/internal/event/ProcessStartEvent done

Classes unloaded (0 events):
No events

Classes redefined (0 events):
No events

Internal exceptions (20 events):
Event: 0.307 Thread 0x000002757b92e450 Exception <a 'java/lang/NoSuchMethodError'{0x000000008c1d8010}: 'int java.lang.invoke.DirectMethodHandle$Holder.invokeSpecial(java.lang.Object, java.lang.Object, java.lang.Object, int)'> (0x000000008c1d8010) 
thrown [s\open\src\hotspot\share\interpreter\linkResolver.cpp, line 773]
Event: 0.309 Thread 0x000002757b92e450 Exception <a 'java/lang/NoSuchMethodError'{0x000000008c1ea670}: 'java.lang.Object java.lang.invoke.DirectMethodHandle$Holder.invokeStatic(java.lang.Object, java.lang.Object, java.lang.Object, java.lang.Object, int)'> (0x000000008c1ea670) 
thrown [s\open\src\hotspot\share\interpreter\linkResolver.cpp, line 773]
Event: 0.310 Thread 0x000002757b92e450 Exception <a 'java/lang/NoSuchMethodError'{0x000000008c00a1e0}: 'int java.lang.invoke.DirectMethodHandle$Holder.invokeSpecial(java.lang.Object, java.lang.Object, java.lang.Object)'> (0x000000008c00a1e0) 
thrown [s\open\src\hotspot\share\interpreter\linkResolver.cpp, line 773]
Event: 0.339 Thread 0x000002757691e800 Exception <a 'java/lang/NoSuchMethodError'{0x000000008c3fa350}: 'void java.lang.invoke.DirectMethodHandle$Holder.invokeVirtual(java.lang.Object, java.lang.Object)'> (0x000000008c3fa350) 
thrown [s\open\src\hotspot\share\interpreter\linkResolver.cpp, line 773]
Event: 0.352 Thread 0x000002757b92e450 Exception <a 'java/lang/NoSuchMethodError'{0x000000008c068df8}: 'void java.lang.invoke.DirectMethodHandle$Holder.invokeStaticInit(java.lang.Object)'> (0x000000008c068df8) 
thrown [s\open\src\hotspot\share\interpreter\linkResolver.cpp, line 773]
Event: 17.284 Thread 0x000002757b92e450 Implicit null exception at 0x0000027569afde62 to 0x0000027569afe379
Event: 17.284 Thread 0x000002757b92e450 Implicit null exception at 0x0000027569af97e2 to 0x0000027569af9e20
Event: 17.284 Thread 0x000002757b92e450 Implicit null exception at 0x0000027569afde62 to 0x0000027569afe379
Event: 17.284 Thread 0x000002757b92e450 Implicit null exception at 0x0000027569af97e2 to 0x0000027569af9e20
Event: 17.284 Thread 0x000002757b92e450 Implicit null exception at 0x0000027569afde62 to 0x0000027569afe379
Event: 17.550 Thread 0x00000275765f6010 Exception <a 'java/lang/NoSuchMethodError'{0x000000008ba371c8}: 'int java.lang.invoke.DirectMethodHandle$Holder.invokeStaticInit(java.lang.Object, java.lang.Object, java.lang.Object, java.lang.Object)'> (0x000000008ba371c8) 
thrown [s\open\src\hotspot\share\interpreter\linkResolver.cpp, line 773]
Event: 17.553 Thread 0x00000275765f6010 Exception <a 'java/lang/NoSuchMethodError'{0x000000008ba3f778}: 'java.lang.Object java.lang.invoke.DirectMethodHandle$Holder.invokeInterface(java.lang.Object, java.lang.Object)'> (0x000000008ba3f778) 
thrown [s\open\src\hotspot\share\interpreter\linkResolver.cpp, line 773]
Event: 17.553 Thread 0x00000275765f6010 Exception <a 'java/lang/IncompatibleClassChangeError'{0x000000008ba429e0}: Found class java.lang.Object, but interface was expected> (0x000000008ba429e0) 
thrown [s\open\src\hotspot\share\interpreter\linkResolver.cpp, line 840]
Event: 17.554 Thread 0x00000275765f6010 Exception <a 'java/lang/NoSuchMethodError'{0x000000008ba45178}: 'void java.lang.invoke.DirectMethodHandle$Holder.invokeStatic(java.lang.Object, java.lang.Object)'> (0x000000008ba45178) 
thrown [s\open\src\hotspot\share\interpreter\linkResolver.cpp, line 773]
Event: 17.555 Thread 0x00000275765f6010 Exception <a 'java/lang/NoSuchMethodError'{0x000000008ba48230}: 'void java.lang.invoke.DirectMethodHandle$Holder.invokeStaticInit(java.lang.Object, java.lang.Object)'> (0x000000008ba48230) 
thrown [s\open\src\hotspot\share\interpreter\linkResolver.cpp, line 773]
Event: 17.557 Thread 0x00000275765f6010 Exception <a 'java/lang/NoSuchMethodError'{0x000000008ba4d3e8}: 'int java.lang.invoke.DirectMethodHandle$Holder.invokeStaticInit(java.lang.Object, java.lang.Object)'> (0x000000008ba4d3e8) 
thrown [s\open\src\hotspot\share\interpreter\linkResolver.cpp, line 773]
Event: 52.864 Thread 0x00000275766a5550 Exception <a 'java/lang/NoSuchMethodError'{0x000000008be4be40}: 'void java.lang.invoke.DirectMethodHandle$Holder.invokeStatic(java.lang.Object, long)'> (0x000000008be4be40) 
thrown [s\open\src\hotspot\share\interpreter\linkResolver.cpp, line 773]
Event: 52.865 Thread 0x00000275766a5550 Exception <a 'java/lang/NoSuchMethodError'{0x000000008be50a10}: 'java.lang.Object java.lang.invoke.DirectMethodHandle$Holder.newInvokeSpecial(java.lang.Object, long)'> (0x000000008be50a10) 
thrown [s\open\src\hotspot\share\interpreter\linkResolver.cpp, line 773]
Event: 52.869 Thread 0x00000275766a5550 Exception <a 'java/lang/NoSuchMethodError'{0x000000008be57c78}: 'java.lang.Object java.lang.invoke.DirectMethodHandle$Holder.invokeStatic(java.lang.Object, long, java.lang.Object)'> (0x000000008be57c78) 
thrown [s\open\src\hotspot\share\interpreter\linkResolver.cpp, line 773]
Event: 52.870 Thread 0x00000275766a5550 Exception <a 'java/lang/NoSuchMethodError'{0x000000008be5b150}: 'java.lang.Object java.lang.invoke.DirectMethodHandle$Holder.invokeStaticInit(java.lang.Object, long, java.lang.Object)'> (0x000000008be5b150) 
thrown [s\open\src\hotspot\share\interpreter\linkResolver.cpp, line 773]

ZGC Phase Switch (0 events):
No events

VM Operations (20 events):
Event: 19.451 Executing VM operation: HandshakeAllThreads (Deoptimize) done
Event: 20.451 Executing VM operation: Cleanup
Event: 20.451 Executing VM operation: Cleanup done
Event: 22.452 Executing VM operation: Cleanup
Event: 22.452 Executing VM operation: Cleanup done
Event: 25.452 Executing VM operation: Cleanup
Event: 25.452 Executing VM operation: Cleanup done
Event: 26.452 Executing VM operation: Cleanup
Event: 26.452 Executing VM operation: Cleanup done
Event: 33.986 Executing VM operation: G1CollectForAllocation (G1 Evacuation Pause)
Event: 34.002 Executing VM operation: G1CollectForAllocation (G1 Evacuation Pause) done
Event: 35.002 Executing VM operation: Cleanup
Event: 35.002 Executing VM operation: Cleanup done
Event: 51.003 Executing VM operation: Cleanup
Event: 51.003 Executing VM operation: Cleanup done
Event: 52.004 Executing VM operation: Cleanup
Event: 52.004 Executing VM operation: Cleanup done
Event: 52.825 Executing VM operation: HandshakeAllThreads (Deoptimize)
Event: 52.825 Executing VM operation: HandshakeAllThreads (Deoptimize) done
Event: 52.929 Executing VM operation: Exit

Events (20 events):
Event: 0.030 Thread 0x00000275763e3a50 Thread added: 0x00000275763e3a50
Event: 0.031 Thread 0x0000027576406b40 Thread added: 0x0000027576406b40
Event: 0.051 Thread 0x000002757667f6d0 Thread added: 0x000002757667f6d0
Event: 0.075 Thread 0x00000275767e4cf0 Thread added: 0x00000275767e4cf0
Event: 0.168 Thread 0x00000275769146a0 Thread added: 0x00000275769146a0
Event: 0.169 Thread 0x0000027576917950 Thread added: 0x0000027576917950
Event: 0.170 Thread 0x000002757691e800 Thread added: 0x000002757691e800
Event: 0.276 Thread 0x000002757b92e450 Thread added: 0x000002757b92e450
Event: 0.276 Thread 0x0000027557a97b40 Thread exited: 0x0000027557a97b40
Event: 0.276 Thread 0x0000027557a97b40 Thread added: 0x0000027557a97b40
Event: 0.472 Thread 0x000002757be3a970 Thread added: 0x000002757be3a970
Event: 17.508 Thread 0x00000275765f6010 Thread added: 0x00000275765f6010
Event: 52.821 Thread 0x00000275766a4830 Thread added: 0x00000275766a4830
Event: 52.821 Thread 0x00000275766a5550 Thread added: 0x00000275766a5550
Event: 52.821 Thread 0x00000275766a4ec0 Thread added: 0x00000275766a4ec0
Event: 52.822 Thread 0x00000275766a4830 Thread exited: 0x00000275766a4830
Event: 52.867 Thread 0x000002757691e800 Thread exited: 0x000002757691e800
Event: 52.874 Thread 0x00000275766a5550 Thread exited: 0x00000275766a5550
Event: 52.924 Thread 0x00000275766a4ec0 Thread exited: 0x00000275766a4ec0
Event: 52.929 Thread 0x00000275763ce1a0 Thread exited: 0x00000275763ce1a0


Dynamic libraries:
0x00007ff65c2e0000 - 0x00007ff65c2f0000 	C:\Program Files\Java\jdk-21\bin\java.exe
0x00007ffc7f750000 - 0x00007ffc7f966000 	C:\WINDOWS\SYSTEM32\ntdll.dll
0x00007ffc7ed80000 - 0x00007ffc7ee44000 	C:\WINDOWS\System32\KERNEL32.DLL
0x00007ffc7ce30000 - 0x00007ffc7d1d6000 	C:\WINDOWS\System32\KERNELBASE.dll
0x00007ffc795f0000 - 0x00007ffc79687000 	C:\WINDOWS\SYSTEM32\apphelp.dll
0x00007ffc7cbb0000 - 0x00007ffc7ccc1000 	C:\WINDOWS\System32\ucrtbase.dll
0x00007ffc6d560000 - 0x00007ffc6d57b000 	C:\Program Files\Java\jdk-21\bin\VCRUNTIME140.dll
0x00007ffc74c30000 - 0x00007ffc74c49000 	C:\Program Files\Java\jdk-21\bin\jli.dll
0x00007ffc7e530000 - 0x00007ffc7e5e2000 	C:\WINDOWS\System32\ADVAPI32.dll
0x00007ffc7ecd0000 - 0x00007ffc7ed77000 	C:\WINDOWS\System32\msvcrt.dll
0x00007ffc7ec20000 - 0x00007ffc7ecc8000 	C:\WINDOWS\System32\sechost.dll
0x00007ffc7d470000 - 0x00007ffc7d498000 	C:\WINDOWS\System32\bcrypt.dll
0x00007ffc7e650000 - 0x00007ffc7e765000 	C:\WINDOWS\System32\RPCRT4.dll
0x00007ffc7f220000 - 0x00007ffc7f3cd000 	C:\WINDOWS\System32\USER32.dll
0x00007ffc7ce00000 - 0x00007ffc7ce26000 	C:\WINDOWS\System32\win32u.dll
0x00007ffc666e0000 - 0x00007ffc66973000 	C:\WINDOWS\WinSxS\amd64_microsoft.windows.common-controls_6595b64144ccf1df_6.0.22621.3235_none_270f74e173860f98\COMCTL32.dll
0x00007ffc7f570000 - 0x00007ffc7f599000 	C:\WINDOWS\System32\GDI32.dll
0x00007ffc7ca90000 - 0x00007ffc7cba8000 	C:\WINDOWS\System32\gdi32full.dll
0x00007ffc7d260000 - 0x00007ffc7d2fa000 	C:\WINDOWS\System32\msvcp_win.dll
0x00007ffc6e6d0000 - 0x00007ffc6e6da000 	C:\WINDOWS\SYSTEM32\VERSION.dll
0x00007ffc7eb00000 - 0x00007ffc7eb31000 	C:\WINDOWS\System32\IMM32.DLL
0x00007ffc75240000 - 0x00007ffc7524c000 	C:\Program Files\Java\jdk-21\bin\vcruntime140_1.dll
0x00007ffc3e9d0000 - 0x00007ffc3ea5e000 	C:\Program Files\Java\jdk-21\bin\msvcp140.dll
0x00007ffc0aa90000 - 0x00007ffc0b7a5000 	C:\Program Files\Java\jdk-21\bin\server\jvm.dll
0x00007ffc7f020000 - 0x00007ffc7f091000 	C:\WINDOWS\System32\WS2_32.dll
0x00007ffc7bad0000 - 0x00007ffc7bb1d000 	C:\WINDOWS\SYSTEM32\POWRPROF.dll
0x00007ffc6b6c0000 - 0x00007ffc6b6f4000 	C:\WINDOWS\SYSTEM32\WINMM.dll
0x00007ffc7bab0000 - 0x00007ffc7bac3000 	C:\WINDOWS\SYSTEM32\UMPDC.dll
0x00007ffc7bbc0000 - 0x00007ffc7bbd8000 	C:\WINDOWS\SYSTEM32\kernel.appcore.dll
0x00007ffc749f0000 - 0x00007ffc749fa000 	C:\Program Files\Java\jdk-21\bin\jimage.dll
0x00007ffc7a3c0000 - 0x00007ffc7a5f3000 	C:\WINDOWS\SYSTEM32\DBGHELP.DLL
0x00007ffc7e770000 - 0x00007ffc7eaf8000 	C:\WINDOWS\System32\combase.dll
0x00007ffc7eb40000 - 0x00007ffc7ec17000 	C:\WINDOWS\System32\OLEAUT32.dll
0x00007ffc5d290000 - 0x00007ffc5d2c2000 	C:\WINDOWS\SYSTEM32\dbgcore.DLL
0x00007ffc7d1e0000 - 0x00007ffc7d25a000 	C:\WINDOWS\System32\bcryptPrimitives.dll
0x00007ffc6c0e0000 - 0x00007ffc6c0ff000 	C:\Program Files\Java\jdk-21\bin\java.dll
0x00007ffc7d9a0000 - 0x00007ffc7e1fd000 	C:\WINDOWS\System32\SHELL32.dll
0x00007ffc7a9f0000 - 0x00007ffc7b2e8000 	C:\WINDOWS\SYSTEM32\windows.storage.dll
0x00007ffc7a8b0000 - 0x00007ffc7a9ee000 	C:\WINDOWS\SYSTEM32\wintypes.dll
0x00007ffc7e430000 - 0x00007ffc7e523000 	C:\WINDOWS\System32\SHCORE.dll
0x00007ffc7e5f0000 - 0x00007ffc7e64e000 	C:\WINDOWS\System32\shlwapi.dll
0x00007ffc7c9c0000 - 0x00007ffc7c9e6000 	C:\WINDOWS\SYSTEM32\profapi.dll
0x00007ffc39920000 - 0x00007ffc399f7000 	C:\Program Files\Java\jdk-21\bin\jsvml.dll
0x00007ffc72ab0000 - 0x00007ffc72ac0000 	C:\Program Files\Java\jdk-21\bin\net.dll
0x00007ffc72bd0000 - 0x00007ffc72d07000 	C:\WINDOWS\SYSTEM32\WINHTTP.dll
0x00007ffc7c040000 - 0x00007ffc7c0a9000 	C:\WINDOWS\system32\mswsock.dll
0x00007ffc67340000 - 0x00007ffc67356000 	C:\Program Files\Java\jdk-21\bin\nio.dll
0x00007ffc661f0000 - 0x00007ffc66208000 	C:\Program Files\Java\jdk-21\bin\zip.dll
0x00007ffc27620000 - 0x00007ffc277af000 	C:\Program Files\Java\jdk-21\bin\awt.dll
0x00007ffc79a30000 - 0x00007ffc79adb000 	C:\WINDOWS\system32\uxtheme.dll
0x00007ffc7f5b0000 - 0x00007ffc7f704000 	C:\WINDOWS\System32\MSCTF.dll
0x00007ffc7e290000 - 0x00007ffc7e42f000 	C:\WINDOWS\System32\ole32.dll
0x00007ffc79da0000 - 0x00007ffc79dcb000 	C:\WINDOWS\system32\DWMAPI.DLL
0x00007ffc380f0000 - 0x00007ffc38177000 	C:\Program Files\Java\jdk-21\bin\freetype.dll
0x00007ffc2dc30000 - 0x00007ffc2dd03000 	C:\Program Files\Java\jdk-21\bin\fontmanager.dll
0x00007ffc5bed0000 - 0x00007ffc5bfd0000 	C:\WINDOWS\system32\opengl32.dll
0x00007ffc663e0000 - 0x00007ffc6640d000 	C:\WINDOWS\SYSTEM32\GLU32.dll
0x00007ffc79b10000 - 0x00007ffc79b49000 	C:\WINDOWS\SYSTEM32\dxcore.dll
0x00007ffc7f430000 - 0x00007ffc7f4e0000 	C:\WINDOWS\System32\clbcatq.dll
0x00007ffc77950000 - 0x00007ffc77b00000 	C:\WINDOWS\SYSTEM32\WindowsCodecs.dll
0x00007ffc63bc0000 - 0x00007ffc63c1e000 	C:\WINDOWS\system32\dataexchange.dll
0x00007ffc72740000 - 0x00007ffc729cf000 	C:\WINDOWS\system32\twinapi.appcore.dll
0x00007ffc67800000 - 0x00007ffc6794a000 	C:\WINDOWS\SYSTEM32\textinputframework.dll
0x00007ffc79140000 - 0x00007ffc79274000 	C:\WINDOWS\SYSTEM32\CoreMessaging.dll
0x00007ffc74390000 - 0x00007ffc746fc000 	C:\WINDOWS\SYSTEM32\CoreUIComponents.dll
0x00007ffc7c290000 - 0x00007ffc7c29c000 	C:\WINDOWS\SYSTEM32\CRYPTBASE.DLL
0x00007ffc701c0000 - 0x00007ffc701d0000 	C:\Program Files\Java\jdk-21\bin\verify.dll
0x0000000071420000 - 0x00000000714f1000 	C:\Users\admin\AppData\Local\Temp\javacpp834278733575900\msvcr100.dll
0x0000000071380000 - 0x0000000071418000 	C:\Users\admin\AppData\Local\Temp\javacpp834278733575900\msvcp100.dll
0x0000000066840000 - 0x00000000676b4000 	C:\Users\admin\AppData\Local\Temp\javacpp834278733575900\opencv_ffmpeg248_64.dll
0x00007ffc74c10000 - 0x00007ffc74c19000 	C:\WINDOWS\SYSTEM32\WSOCK32.dll
0x00007ffc3a340000 - 0x00007ffc3a5b2000 	C:\Users\admin\AppData\Local\Temp\javacpp834278733575900\opencv_core248.dll
0x00007ffc2d4a0000 - 0x00007ffc2d752000 	C:\Users\admin\AppData\Local\Temp\javacpp834278733575900\opencv_imgproc248.dll
0x00007ffc2cd20000 - 0x00007ffc2cf6d000 	C:\Users\admin\AppData\Local\Temp\javacpp834278733575900\opencv_highgui248.dll
0x00007ffc72ac0000 - 0x00007ffc72ada000 	C:\WINDOWS\SYSTEM32\AVICAP32.dll
0x00007ffc71e40000 - 0x00007ffc71e6b000 	C:\WINDOWS\SYSTEM32\MSVFW32.dll
0x00007ffc6fbb0000 - 0x00007ffc6fbd4000 	C:\WINDOWS\SYSTEM32\AVIFIL32.dll
0x00007ffc46b00000 - 0x00007ffc46b1e000 	C:\WINDOWS\SYSTEM32\MSACM32.dll
0x00007ffc6fb90000 - 0x00007ffc6fba3000 	C:\Users\admin\AppData\Local\Temp\javacpp834278733575900\jniopencv_highgui.dll
0x00007ffc6cfb0000 - 0x00007ffc6cfd1000 	C:\Windows\System32\devenum.dll
0x00007ffc7c7a0000 - 0x00007ffc7c7ee000 	C:\Windows\System32\CFGMGR32.dll
0x00007ffc7d520000 - 0x00007ffc7d994000 	C:\WINDOWS\System32\setupapi.dll
0x00007ffc7bbe0000 - 0x00007ffc7bc14000 	C:\WINDOWS\SYSTEM32\ntmarta.dll
0x00007ffc7c750000 - 0x00007ffc7c77c000 	C:\WINDOWS\SYSTEM32\DEVOBJ.dll
0x00007ffc7ccd0000 - 0x00007ffc7cd3b000 	C:\WINDOWS\System32\WINTRUST.dll
0x00007ffc7d300000 - 0x00007ffc7d466000 	C:\WINDOWS\System32\CRYPT32.dll
0x00007ffc7c2f0000 - 0x00007ffc7c302000 	C:\WINDOWS\SYSTEM32\MSASN1.dll
0x00007ffc79970000 - 0x00007ffc7997b000 	C:\WINDOWS\SYSTEM32\msdmo.dll
0x00007ffc652c0000 - 0x00007ffc652f9000 	C:\Windows\System32\qcap.dll
0x00007ffc37f00000 - 0x00007ffc380e7000 	C:\Windows\System32\quartz.dll
0x00007ffc52210000 - 0x00007ffc5224b000 	C:\Windows\System32\mfksproxy.dll
0x00007ffc6de30000 - 0x00007ffc6de4e000 	C:\Windows\System32\ATL.DLL
0x00007ffc6f2c0000 - 0x00007ffc6f48e000 	C:\Windows\System32\MFPlat.DLL
0x00007ffc6bae0000 - 0x00007ffc6bb13000 	C:\Windows\System32\RTWorkQ.DLL
0x00007ffc6fd20000 - 0x00007ffc700ba000 	C:\Windows\System32\MFCORE.dll
0x00007ffc4af40000 - 0x00007ffc4afdd000 	C:\Windows\System32\FrameServerClient.dll
0x00007ffc4aec0000 - 0x00007ffc4af3f000 	C:\Windows\System32\MFSENSORGROUP.dll
0x00007ffc74e70000 - 0x00007ffc74e7b000 	C:\Windows\System32\AVRT.dll
0x00007ffc3f280000 - 0x00007ffc3f315000 	C:\Windows\System32\Windows.Media.MediaControl.dll
0x00007ffc6c210000 - 0x00007ffc6c2ad000 	C:\Windows\System32\MMDevAPI.DLL
0x00007ffc16c10000 - 0x00007ffc16d2f000 	C:\Windows\System32\MFReadWrite.dll
0x00007ffc64f00000 - 0x00007ffc64f26000 	C:\Windows\System32\kswdmcap.ax
0x00007ffc798e0000 - 0x00007ffc798ef000 	C:\Windows\System32\vidcap.ax
0x00007ffc3edf0000 - 0x00007ffc3ee9f000 	C:\Windows\System32\qedit.dll
0x00007ffc7f120000 - 0x00007ffc7f219000 	C:\WINDOWS\System32\COMDLG32.dll
0x00007ffc4fa60000 - 0x00007ffc4fc1a000 	C:\WINDOWS\WinSxS\amd64_microsoft.windows.gdiplus_6595b64144ccf1df_1.1.22621.3085_none_57ff6980ce140777\gdiplus.dll
0x00007ffc3a240000 - 0x00007ffc3a33e000 	C:\Windows\System32\DDRAW.dll
0x00007ffc79c30000 - 0x00007ffc79d28000 	C:\Windows\System32\dxgi.dll
0x00007ffc75220000 - 0x00007ffc75229000 	C:\Windows\System32\DCIMAN32.dll
0x00007ffc61af0000 - 0x00007ffc61b19000 	C:\WINDOWS\SYSTEM32\WINMMBASE.dll
0x00007ffc37da0000 - 0x00007ffc37e3a000 	C:\Users\admin\AppData\Local\Temp\javacpp834278733575900\jniopencv_core.dll

dbghelp: loaded successfully - version: 4.0.5 - missing functions: none
symbol engine: initialized successfully - sym options: 0x614 - pdb path: .;C:\Program Files\Java\jdk-21\bin;C:\WINDOWS\SYSTEM32;C:\WINDOWS\WinSxS\amd64_microsoft.windows.common-controls_6595b64144ccf1df_6.0.22621.3235_none_270f74e173860f98;C:\Program Files\Java\jdk-21\bin\server;C:\Users\admin\AppData\Local\Temp\javacpp834278733575900;C:\WINDOWS\WinSxS\amd64_microsoft.windows.gdiplus_6595b64144ccf1df_1.1.22621.3085_none_57ff6980ce140777

VM Arguments:
jvm_args: -Dfile.encoding=UTF-8 --module-path=C:\Users\admin\Documents\NetBeansProjects\OpenImage\build\classes 
java_command: openimage.Home
java_class_path (initial): C:\javacv-bin\javacpp.jar;C:\javacv-bin\javacv-android-arm.jar;C:\javacv-bin\javacv-linux-x86.jar;C:\javacv-bin\javacv-linux-x86_64.jar;C:\javacv-bin\javacv-macosx-x86_64.jar;C:\javacv-bin\javacv-windows-x86.jar;C:\javacv-bin\javacv-windows-x86_64.jar;C:\javacv-bin\javacv.jar;C:\javacv-cppjars\ffmpeg-2.1.1-android-arm.jar;C:\javacv-cppjars\ffmpeg-2.1.1-linux-x86.jar;C:\javacv-cppjars\ffmpeg-2.1.1-linux-x86_64.jar;C:\javacv-cppjars\ffmpeg-2.1.1-macosx-x86_64.jar;C:\javacv-cppjars\ffmpeg-2.1.1-windows-x86.jar;C:\javacv-cppjars\ffmpeg-2.1.1-windows-x86_64.jar;C:\javacv-cppjars\opencv-2.4.8-android-arm.jar;C:\javacv-cppjars\opencv-2.4.8-linux-x86.jar;C:\javacv-cppjars\opencv-2.4.8-linux-x86_64.jar;C:\javacv-cppjars\opencv-2.4.8-macosx-x86_64.jar;C:\javacv-cppjars\opencv-2.4.8-windows-x86.jar;C:\javacv-cppjars\opencv-2.4.8-windows-x86_64.jar;C:\Users\admin\Documents\NetBeansProjects\OpenImage\build\classes
Launcher Type: SUN_STANDARD

[Global flags]
     intx CICompilerCount                          = 4                                         {product} {ergonomic}
     uint ConcGCThreads                            = 2                                         {product} {ergonomic}
     uint G1ConcRefinementThreads                  = 8                                         {product} {ergonomic}
   size_t G1HeapRegionSize                         = 1048576                                   {product} {ergonomic}
    uintx GCDrainStackTargetSize                   = 64                                        {product} {ergonomic}
   size_t InitialHeapSize                          = 130023424                                 {product} {ergonomic}
   size_t MarkStackSize                            = 4194304                                   {product} {ergonomic}
   size_t MaxHeapSize                              = 2067791872                                {product} {ergonomic}
   size_t MaxNewSize                               = 1240465408                                {product} {ergonomic}
   size_t MinHeapDeltaBytes                        = 1048576                                   {product} {ergonomic}
   size_t MinHeapSize                              = 8388608                                   {product} {ergonomic}
    uintx NonNMethodCodeHeapSize                   = 5839372                                {pd product} {ergonomic}
    uintx NonProfiledCodeHeapSize                  = 122909434                              {pd product} {ergonomic}
    uintx ProfiledCodeHeapSize                     = 122909434                              {pd product} {ergonomic}
    uintx ReservedCodeCacheSize                    = 251658240                              {pd product} {ergonomic}
     bool SegmentedCodeCache                       = true                                      {product} {ergonomic}
   size_t SoftMaxHeapSize                          = 2067791872                             {manageable} {ergonomic}
     bool UseCompressedOops                        = true                           {product lp64_product} {ergonomic}
     bool UseG1GC                                  = true                                      {product} {ergonomic}
     bool UseLargePagesIndividualAllocation        = false                                  {pd product} {ergonomic}

Logging:
Log output configuration:
 #0: stdout all=off uptime,level,tags foldmultilines=false
 #1: stderr all=off uptime,level,tags foldmultilines=false

Environment Variables:
JAVA_HOME=C:\Program Files\Java\jdk-21
PATH=C:\opencv\build\bin;C:\Program Files\MySQL\MySQL Shell 8.0\bin\;C:\Users\admin\AppData\Local\Microsoft\WindowsApps;C:\Users\admin\AppData\Local\Programs\Microsoft VS Code\bin;C:\Program Files\JetBrains\IntelliJ IDEA Community Edition 2023.2.3\bin;;C:\Program Files\JetBrains\PyCharm Community Edition 2023.2.5\bin;;C:\Program Files (x86)\Nmap
USERNAME=admin
OS=Windows_NT
PROCESSOR_IDENTIFIER=Intel64 Family 6 Model 140 Stepping 1, GenuineIntel
TMP=C:\Users\admin\AppData\Local\Temp
TEMP=C:\Users\admin\AppData\Local\Temp




Periodic native trim disabled

---------------  S Y S T E M  ---------------

OS:
 Windows 11 , 64 bit Build 22621 (10.0.22621.3235)
OS uptime: 9 days 15:44 hours

CPU: total 8 (initial active 8) (4 cores per cpu, 2 threads per core) family 6 model 140 stepping 1 microcode 0x9a, cx8, cmov, fxsr, ht, mmx, 3dnowpref, sse, sse2, sse3, ssse3, sse4.1, sse4.2, popcnt, lzcnt, tsc, tscinvbit, avx, avx2, aes, erms, clmul, bmi1, bmi2, adx, avx512f, avx512dq, avx512cd, avx512bw, avx512vl, sha, fma, vzeroupper, avx512_vpopcntdq, avx512_vpclmulqdq, avx512_vaes, avx512_vnni, clflush, clflushopt, clwb, avx512_vbmi2, avx512_vbmi, rdtscp, rdpid, fsrm, gfni, avx512_bitalg, f16c, pku, cet_ibt, cet_ss, avx512_ifma
Processor Information for processor 0
  Max Mhz: 2419, Current Mhz: 2419, Mhz Limit: 2419
Processor Information for processor 1
  Max Mhz: 2419, Current Mhz: 2419, Mhz Limit: 2419
Processor Information for processor 2
  Max Mhz: 2419, Current Mhz: 2419, Mhz Limit: 2419
Processor Information for processor 3
  Max Mhz: 2419, Current Mhz: 2419, Mhz Limit: 2419
Processor Information for processor 4
  Max Mhz: 2419, Current Mhz: 2419, Mhz Limit: 2419
Processor Information for processor 5
  Max Mhz: 2419, Current Mhz: 1007, Mhz Limit: 2419
Processor Information for processor 6
  Max Mhz: 2419, Current Mhz: 2419, Mhz Limit: 2419
Processor Information for processor 7
  Max Mhz: 2419, Current Mhz: 2419, Mhz Limit: 2419

Memory: 4k page, system-wide physical 7886M (823M free)
TotalPageFile size 13518M (AvailPageFile size 2764M)
current process WorkingSet (physical memory assigned to process): 120M, peak: 120M
current process commit charge ("private bytes"): 242M, peak: 257M

vm_info: Java HotSpot(TM) 64-Bit Server VM (21.0.1+12-LTS-29) for windows-amd64 JRE (21.0.1+12-LTS-29), built on 2023-10-05T13:27:09Z by "mach5one" with MS VC++ 17.1 (VS2022)

END.
